#
# There is insufficient memory for the Java Runtime Environment to continue.
# Native memory allocation (malloc) failed to allocate 920656 bytes for Chunk::new
# Possible reasons:
#   The system is out of physical RAM or swap space
#   In 32 bit mode, the process size limit was hit
# Possible solutions:
#   Reduce memory load on the system
#   Increase physical memory or swap space
#   Check if swap backing store is full
#   Use 64 bit Java on a 64 bit OS
#   Decrease Java heap size (-Xmx/-Xms)
#   Decrease number of Java threads
#   Decrease Java thread stack sizes (-Xss)
#   Set larger code cache with -XX:ReservedCodeCacheSize=
# This output file may be truncated or incomplete.
#
#  Out of Memory Error (allocation.cpp:390), pid=6652, tid=7664
#
# JRE version: Java(TM) SE Runtime Environment (8.0_66-b18) (build 1.8.0_66-b18)
# Java VM: Java HotSpot(TM) 64-Bit Server VM (25.66-b18 mixed mode windows-amd64 compressed oops)
# Failed to write core dump. Minidumps are not enabled by default on client versions of Windows
#

---------------  T H R E A D  ---------------

Current thread (0x00000000149dd800):  JavaThread "C2 CompilerThread0" daemon [_thread_in_native, id=7664, stack(0x0000000016030000,0x0000000016130000)]

Stack: [0x0000000016030000,0x0000000016130000]
[error occurred during error reporting (printing stack bounds), id 0xc0000005]

Native frames: (J=compiled Java code, j=interpreted, Vv=VM code, C=native code)


Current CompileTask:
C2:  11273 1289       4       com.android.dx.ssa.SCCP::simulateBranch (666 bytes)


---------------  P R O C E S S  ---------------

Java Threads: ( => current thread )
  0x000000001659f000 JavaThread "pool-1-thread-4" [_thread_in_vm, id=4892, stack(0x0000000016d30000,0x0000000016e30000)]
  0x000000001659a800 JavaThread "pool-1-thread-3" [_thread_in_vm, id=908, stack(0x0000000016c30000,0x0000000016d30000)]
  0x0000000016598800 JavaThread "pool-1-thread-2" [_thread_in_Java, id=5304, stack(0x0000000016b30000,0x0000000016c30000)]
  0x000000001658f000 JavaThread "pool-2-thread-1" [_thread_blocked, id=9644, stack(0x0000000016a30000,0x0000000016b30000)]
  0x000000001658e000 JavaThread "pool-1-thread-1" [_thread_in_Java, id=7232, stack(0x0000000016930000,0x0000000016a30000)]
  0x0000000016332800 JavaThread "Service Thread" daemon [_thread_blocked, id=9136, stack(0x0000000016730000,0x0000000016830000)]
  0x0000000014a39000 JavaThread "C1 CompilerThread2" daemon [_thread_blocked, id=7732, stack(0x0000000016230000,0x0000000016330000)]
  0x00000000149e0000 JavaThread "C2 CompilerThread1" daemon [_thread_in_native, id=8172, stack(0x0000000016130000,0x0000000016230000)]
=>0x00000000149dd800 JavaThread "C2 CompilerThread0" daemon [_thread_in_native, id=7664, stack(0x0000000016030000,0x0000000016130000)]
  0x00000000149db000 JavaThread "Attach Listener" daemon [_thread_blocked, id=3116, stack(0x0000000015f30000,0x0000000016030000)]
  0x00000000149d9800 JavaThread "Signal Dispatcher" daemon [_thread_blocked, id=7680, stack(0x0000000015e30000,0x0000000015f30000)]
  0x0000000002301000 JavaThread "Finalizer" daemon [_thread_blocked, id=5288, stack(0x0000000015c30000,0x0000000015d30000)]
  0x00000000022fe000 JavaThread "Reference Handler" daemon [_thread_blocked, id=9568, stack(0x0000000015b30000,0x0000000015c30000)]
  0x0000000002212800 JavaThread "main" [_thread_in_Java, id=1088, stack(0x00000000020b0000,0x00000000021b0000)]

Other Threads:
  0x00000000149a7000 VMThread [stack: 0x0000000015a30000,0x0000000015b30000] [id=2604]
  0x0000000016336800 WatcherThread [stack: 0x0000000016830000,0x0000000016930000] [id=5732]

VM state:not at safepoint (normal execution)

VM Mutex/Monitor currently owned by a thread: None

Heap:
 PSYoungGen      total 35328K, used 18925K [0x00000000eab00000, 0x00000000ed000000, 0x0000000100000000)
  eden space 32768K, 49% used [0x00000000eab00000,0x00000000ebafca18,0x00000000ecb00000)
  from space 2560K, 99% used [0x00000000ecd80000,0x00000000ecffeaa8,0x00000000ed000000)
  to   space 2560K, 0% used [0x00000000ecb00000,0x00000000ecb00000,0x00000000ecd80000)
 ParOldGen       total 44032K, used 3511K [0x00000000c0000000, 0x00000000c2b00000, 0x00000000eab00000)
  object space 44032K, 7% used [0x00000000c0000000,0x00000000c036dd88,0x00000000c2b00000)
 Metaspace       used 6133K, capacity 7024K, committed 7296K, reserved 1056768K
  class space    used 599K, capacity 616K, committed 640K, reserved 1048576K

Card table byte_map: [0x00000000116d0000,0x00000000118e0000] byte_map_base: 0x00000000110d0000

Marking Bits: (ParMarkBitMap*) 0x0000000060d1a5b0
 Begin Bits: [0x0000000011e40000, 0x0000000012e40000)
 End Bits:   [0x0000000012e40000, 0x0000000013e40000)

Polling page: 0x0000000000500000

CodeCache: size=245760Kb used=5900Kb max_used=5912Kb free=239859Kb
 bounds [0x0000000002310000, 0x00000000028e0000, 0x0000000011310000]
 total_blobs=1699 nmethods=1430 adapters=182
 compilation: enabled

Compilation events (10 events):
Event: 10.939 Thread 0x00000000149dd800 nmethod 1434 0x00000000028cfcd0 code [0x00000000028d0000, 0x00000000028d1f90]
Event: 10.940 Thread 0x00000000149dd800 1290       4       com.android.dx.cf.code.Ropper::getAvailableLabel (54 bytes)
Event: 10.952 Thread 0x00000000149dd800 nmethod 1290 0x00000000028cc350 code [0x00000000028cc4c0, 0x00000000028cc8d8]
Event: 10.952 Thread 0x00000000149dd800 1289       4       com.android.dx.ssa.SCCP::simulateBranch (666 bytes)
Event: 10.985 Thread 0x00000000149e0000 nmethod 1268 0x00000000028d4f50 code [0x00000000028d53c0, 0x00000000028d7998]
Event: 10.986 Thread 0x00000000149e0000 1292       4       com.android.dx.ssa.SsaBasicBlock::forEachPhiInsn (54 bytes)
Event: 11.002 Thread 0x00000000149e0000 nmethod 1292 0x00000000028ccc90 code [0x00000000028cce20, 0x00000000028cd538]
Event: 11.002 Thread 0x00000000149e0000 1274       4       com.android.dx.cf.code.ByteOps::opInfo (6 bytes)
Event: 11.003 Thread 0x00000000149e0000 nmethod 1274 0x000000000281e690 code [0x000000000281e7c0, 0x000000000281e818]
Event: 11.239 Thread 0x00000000149e0000 1439       4       com.android.dx.ssa.SsaMethod::isRegALocal (90 bytes)

GC Heap History (4 events):
Event: 8.895 GC heap before
{Heap before GC invocations=1 (full 0):
 PSYoungGen      total 18944K, used 16384K [0x00000000eab00000, 0x00000000ec000000, 0x0000000100000000)
  eden space 16384K, 100% used [0x00000000eab00000,0x00000000ebb00000,0x00000000ebb00000)
  from space 2560K, 0% used [0x00000000ebd80000,0x00000000ebd80000,0x00000000ec000000)
  to   space 2560K, 0% used [0x00000000ebb00000,0x00000000ebb00000,0x00000000ebd80000)
 ParOldGen       total 44032K, used 0K [0x00000000c0000000, 0x00000000c2b00000, 0x00000000eab00000)
  object space 44032K, 0% used [0x00000000c0000000,0x00000000c0000000,0x00000000c2b00000)
 Metaspace       used 5757K, capacity 6704K, committed 6784K, reserved 1056768K
  class space    used 598K, capacity 616K, committed 640K, reserved 1048576K
Event: 9.058 GC heap after
Heap after GC invocations=1 (full 0):
 PSYoungGen      total 18944K, used 2554K [0x00000000eab00000, 0x00000000ed000000, 0x0000000100000000)
  eden space 16384K, 0% used [0x00000000eab00000,0x00000000eab00000,0x00000000ebb00000)
  from space 2560K, 99% used [0x00000000ebb00000,0x00000000ebd7eab8,0x00000000ebd80000)
  to   space 2560K, 0% used [0x00000000ecd80000,0x00000000ecd80000,0x00000000ed000000)
 ParOldGen       total 44032K, used 1457K [0x00000000c0000000, 0x00000000c2b00000, 0x00000000eab00000)
  object space 44032K, 3% used [0x00000000c0000000,0x00000000c016c758,0x00000000c2b00000)
 Metaspace       used 5757K, capacity 6704K, committed 6784K, reserved 1056768K
  class space    used 598K, capacity 616K, committed 640K, reserved 1048576K
}
Event: 10.220 GC heap before
{Heap before GC invocations=2 (full 0):
 PSYoungGen      total 18944K, used 18938K [0x00000000eab00000, 0x00000000ed000000, 0x0000000100000000)
  eden space 16384K, 100% used [0x00000000eab00000,0x00000000ebb00000,0x00000000ebb00000)
  from space 2560K, 99% used [0x00000000ebb00000,0x00000000ebd7eab8,0x00000000ebd80000)
  to   space 2560K, 0% used [0x00000000ecd80000,0x00000000ecd80000,0x00000000ed000000)
 ParOldGen       total 44032K, used 1457K [0x00000000c0000000, 0x00000000c2b00000, 0x00000000eab00000)
  object space 44032K, 3% used [0x00000000c0000000,0x00000000c016c758,0x00000000c2b00000)
 Metaspace       used 6019K, capacity 6960K, committed 7040K, reserved 1056768K
  class space    used 599K, capacity 616K, committed 640K, reserved 1048576K
Event: 10.525 GC heap after
Heap after GC invocations=2 (full 0):
 PSYoungGen      total 35328K, used 2554K [0x00000000eab00000, 0x00000000ed000000, 0x0000000100000000)
  eden space 32768K, 0% used [0x00000000eab00000,0x00000000eab00000,0x00000000ecb00000)
  from space 2560K, 99% used [0x00000000ecd80000,0x00000000ecffeaa8,0x00000000ed000000)
  to   space 2560K, 0% used [0x00000000ecb00000,0x00000000ecb00000,0x00000000ecd80000)
 ParOldGen       total 44032K, used 3511K [0x00000000c0000000, 0x00000000c2b00000, 0x00000000eab00000)
  object space 44032K, 7% used [0x00000000c0000000,0x00000000c036dd88,0x00000000c2b00000)
 Metaspace       used 6019K, capacity 6960K, committed 7040K, reserved 1056768K
  class space    used 599K, capacity 616K, committed 640K, reserved 1048576K
}

Deoptimization events (10 events):
Event: 9.383 Thread 0x000000001659a800 Uncommon trap: reason=null_check action=make_not_entrant pc=0x00000000026547e8 method=com.android.dx.rop.type.Type.equals(Ljava/lang/Object;)Z @ 8
Event: 10.045 Thread 0x000000001659a800 Uncommon trap: reason=unstable_if action=reinterpret pc=0x000000000265d47c method=com.android.dx.rop.code.RegisterSpec.equals(ILcom/android/dx/rop/type/TypeBearer;Lcom/android/dx/rop/code/LocalItem;)Z @ 42
Event: 10.211 Thread 0x000000001659f000 Uncommon trap: reason=bimorphic action=maybe_recompile pc=0x0000000002586e80 method=java.util.HashMap.getNode(ILjava/lang/Object;)Ljava/util/HashMap$Node; @ 126
Event: 10.213 Thread 0x000000001659f000 Uncommon trap: reason=unstable_if action=reinterpret pc=0x0000000002681e6c method=com.android.dx.rop.code.RegisterSpecSet.put(Lcom/android/dx/rop/code/RegisterSpec;)V @ 77
Event: 10.213 Thread 0x000000001659f000 Uncommon trap: reason=unstable_if action=reinterpret pc=0x000000000268dfa0 method=com.android.dx.rop.code.RegisterSpecSet.put(Lcom/android/dx/rop/code/RegisterSpec;)V @ 77
Event: 10.214 Thread 0x000000001659f000 Uncommon trap: reason=bimorphic action=maybe_recompile pc=0x0000000002586e80 method=java.util.HashMap.getNode(ILjava/lang/Object;)Ljava/util/HashMap$Node; @ 126
Event: 10.214 Thread 0x000000001659f000 Uncommon trap: reason=bimorphic action=maybe_recompile pc=0x0000000002586e80 method=java.util.HashMap.getNode(ILjava/lang/Object;)Ljava/util/HashMap$Node; @ 126
Event: 10.214 Thread 0x000000001659f000 Uncommon trap: reason=bimorphic action=maybe_recompile pc=0x0000000002586e80 method=java.util.HashMap.getNode(ILjava/lang/Object;)Ljava/util/HashMap$Node; @ 126
Event: 10.214 Thread 0x000000001659f000 Uncommon trap: reason=bimorphic action=maybe_recompile pc=0x00000000025a0cac method=java.util.HashMap.getNode(ILjava/lang/Object;)Ljava/util/HashMap$Node; @ 126
Event: 10.628 Thread 0x000000001659f000 Uncommon trap: reason=uninitialized action=reinterpret pc=0x0000000002824b44 method=com.android.dx.cf.code.BytecodeArray.parseInstruction(ILcom/android/dx/cf/code/BytecodeArray$Visitor;)I @ 1015

Internal exceptions (3 events):
Event: 0.348 Thread 0x0000000002212800 Exception <a 'java/lang/NoSuchMethodError': Method sun.misc.Unsafe.defineClass(Ljava/lang/String;[BII)Ljava/lang/Class; name or signature does not match> (0x00000000eab0d608) thrown at [C:\re\workspace\8-2-build-windows-amd64-cygwin\jdk8u66\5298\hotspot\sr$)¶;ÑNÖ?
Event: 0.349 Thread 0x0000000002212800 Exception <a 'java/lang/NoSuchMethodError': Method sun.misc.Unsafe.prefetchRead(Ljava/lang/Object;J)V name or signature does not match> (0x00000000eab0d8f0) thrown at [C:\re\workspace\8-2-build-windows-amd64-cygwin\jdk8u66\5298\hotspot\src\share\vm\prims\jMDÑSÄ"@
Event: 9.383 Thread 0x000000001659a800 Implicit null exception at 0x00000000026546e2 to 0x00000000026547da

Events (10 events):
Event: 10.214 Thread 0x000000001659f000 DEOPT UNPACKING pc=0x000000000235582a sp=0x0000000016e2e7a8 mode 2
Event: 10.219 Executing VM operation: ParallelGCFailedAllocation
Event: 10.525 Executing VM operation: ParallelGCFailedAllocation done
Event: 10.628 Thread 0x000000001659f000 Uncommon trap: trap_request=0xffffffb5 fr.pc=0x0000000002824b44
Event: 10.628 Thread 0x000000001659f000 DEOPT PACKING pc=0x0000000002824b44 sp=0x0000000016e2ece0
Event: 10.628 Thread 0x000000001659f000 DEOPT UNPACKING pc=0x000000000235582a sp=0x0000000016e2ec60 mode 2
Event: 10.646 Thread 0x000000001659f000 DEOPT PACKING pc=0x00000000026e9c3c sp=0x0000000016e2eb50
Event: 10.646 Thread 0x000000001659f000 DEOPT UNPACKING pc=0x000000000235787f sp=0x0000000016e2e918 mode 0
Event: 10.740 Thread 0x000000001659f000 DEOPT PACKING pc=0x00000000026e9c3c sp=0x0000000016e2eb50
Event: 10.740 Thread 0x000000001659f000 DEOPT UNPACKING pc=0x000000000235787f sp=0x0000000016e2e918 mode 0


Dynamic libraries:
0x00007ff653d00000 - 0x00007ff653d37000 	C:\Program Files\Java\jdk1.8.0_66\bin\java.exe
0x00007fff71320000 - 0x00007fff714e1000 	C:\WINDOWS\SYSTEM32\ntdll.dll
0x00007fff6e780000 - 0x00007fff6e82d000 	C:\WINDOWS\system32\KERNEL32.DLL
0x00007fff6e340000 - 0x00007fff6e528000 	C:\WINDOWS\system32\KERNELBASE.dll
0x00007fff710e0000 - 0x00007fff71187000 	C:\WINDOWS\system32\ADVAPI32.dll
0x00007fff6f1e0000 - 0x00007fff6f27d000 	C:\WINDOWS\system32\msvcrt.dll
0x00007fff6e720000 - 0x00007fff6e77b000 	C:\WINDOWS\system32\sechost.dll
0x00007fff70cf0000 - 0x00007fff70e0c000 	C:\WINDOWS\system32\RPCRT4.dll
0x00007fff6ea60000 - 0x00007fff6ebb6000 	C:\WINDOWS\system32\USER32.dll
0x00007fff71190000 - 0x00007fff71316000 	C:\WINDOWS\system32\GDI32.dll
0x00007fff5f2d0000 - 0x00007fff5f544000 	C:\WINDOWS\WinSxS\amd64_microsoft.windows.common-controls_6595b64144ccf1df_6.0.10586.0_none_8c15ae12515e1c22\COMCTL32.dll
0x00007fff6ef60000 - 0x00007fff6f1dd000 	C:\WINDOWS\system32\combase.dll
0x00007fff6e240000 - 0x00007fff6e2aa000 	C:\WINDOWS\system32\bcryptPrimitives.dll
0x00007fff710a0000 - 0x00007fff710db000 	C:\WINDOWS\system32\IMM32.DLL
0x0000000060090000 - 0x0000000060162000 	C:\Program Files\Java\jdk1.8.0_66\jre\bin\msvcr100.dll
0x0000000060510000 - 0x0000000060d99000 	C:\Program Files\Java\jdk1.8.0_66\jre\bin\server\jvm.dll
0x00007fff6e9e0000 - 0x00007fff6e9e8000 	C:\WINDOWS\system32\PSAPI.DLL
0x00007fff69a50000 - 0x00007fff69a59000 	C:\WINDOWS\SYSTEM32\WSOCK32.dll
0x00007fff6e9f0000 - 0x00007fff6ea5b000 	C:\WINDOWS\system32\WS2_32.dll
0x00007fff6bb00000 - 0x00007fff6bb23000 	C:\WINDOWS\SYSTEM32\WINMM.dll
0x00007fff602c0000 - 0x00007fff602ca000 	C:\WINDOWS\SYSTEM32\VERSION.dll
0x00007fff6bad0000 - 0x00007fff6bafc000 	C:\WINDOWS\SYSTEM32\WINMMBASE.dll
0x00007fff6e020000 - 0x00007fff6e063000 	C:\WINDOWS\system32\cfgmgr32.dll
0x0000000060500000 - 0x000000006050f000 	C:\Program Files\Java\jdk1.8.0_66\jre\bin\verify.dll
0x00000000604d0000 - 0x00000000604f9000 	C:\Program Files\Java\jdk1.8.0_66\jre\bin\java.dll
0x00000000604b0000 - 0x00000000604c6000 	C:\Program Files\Java\jdk1.8.0_66\jre\bin\zip.dll
0x00007fff6f790000 - 0x00007fff70cec000 	C:\WINDOWS\system32\SHELL32.dll
0x00007fff6d9d0000 - 0x00007fff6e014000 	C:\WINDOWS\system32\windows.storage.dll
0x00007fff6ebd0000 - 0x00007fff6ec22000 	C:\WINDOWS\system32\shlwapi.dll
0x00007fff6d960000 - 0x00007fff6d96f000 	C:\WINDOWS\system32\kernel.appcore.dll
0x00007fff6e530000 - 0x00007fff6e5e5000 	C:\WINDOWS\system32\shcore.dll
0x00007fff6d970000 - 0x00007fff6d9bb000 	C:\WINDOWS\system32\powrprof.dll
0x00007fff6d940000 - 0x00007fff6d954000 	C:\WINDOWS\system32\profapi.dll

VM Arguments:
jvm_args: -Djava.awt.headless=true -Xmx1024M -Dfile.encoding=windows-1252 -Duser.country=CU -Duser.language=es -Duser.variant 
java_command: com.android.dx.command.Main --dex --force-jumbo --num-threads=4 --output C:\Users\Ernesto\Projects\Android\MovieAppUpdate\app\build\intermediates\pre-dexed\debug\com.android.support-recyclerview-v7-23.1.1_af39b5d0b20f6522a3a6dabcb6fbb9515030d9bb.jar C:\Users\Ernesto\Projects\Android\MovieAppUpdate\app\build\intermediates\exploded-aar\com.android.support\recyclerview-v7\23.1.1\jars\classes.jar
java_class_path (initial): C:\Users\Ernesto\AppData\Local\Android\Sdk\build-tools\23.0.2\lib\dx.jar
Launcher Type: SUN_STANDARD

Environment Variables:
PATH=C:\ProgramData\Oracle\Java\javapath;C:\WINDOWS\system32;C:\WINDOWS;C:\WINDOWS\System32\Wbem;C:\WINDOWS\System32\WindowsPowerShell\v1.0\;C:\Program Files (x86)\Microsoft ASP.NET\ASP.NET Web Pages\v1.0\;C:\Program Files\Microsoft SQL Server\110\Tools\Binn\;C:\Program Files (x86)\Skype\Phone\;D:\Instaladores\Programs\Git\cmd;C:\Program Files\Java\jre1.8.0_66\bin;D:\Instaladores\Programs\AndroidStudioSDK\platform-tools;D:\sqlite;C:\Sites\todo\binC:\Sites\todo\bin;C:\Program Files (x86)\MySQL\MySQL Fabric 1.5 & MySQL Utilities 1.5\;C:\Program Files (x86)\MySQL\MySQL Fabric 1.5 & MySQL Utilities 1.5\Doctrine extensions for PHP\;C:\Users\Ernesto\AppData\Local\Programs\Python\Python35-32\Scripts\;C:\Users\Ernesto\AppData\Local\Programs\Python\Python35-32\
USERNAME=Ernesto
OS=Windows_NT
PROCESSOR_IDENTIFIER=Intel64 Family 6 Model 60 Stepping 3, GenuineIntel



---------------  S Y S T E M  ---------------

OS: Windows 10.0 , 64 bit Build 10586 (10.0.10586.0)

CPU:total 4 (2 cores per cpu, 2 threads per core) family 6 model 60 stepping 3, cmov, cx8, fxsr, mmx, sse, sse2, sse3, ssse3, sse4.1, sse4.2, popcnt, avx, avx2, clmul, erms, lzcnt, ht, tsc, tscinvbit, bmi1, bmi2

Memory: 4k page, physical 4120940k(211680k free), swap 6218092k(5272k free)

vm_info: Java HotSpot(TM) 64-Bit Server VM (25.66-b18) for windows-amd64 JRE (1.8.0_66-b18), built on Nov  9 2015 10:51:13 by "java_re" with MS VC++ 10.0 (VS2010)

time: Thu May 19 08:48:17 2016
elapsed time: 11 seconds (0d 0h 0m 11s)

