#
# There is insufficient memory for the Java Runtime Environment to continue.
# Native memory allocation (malloc) failed to allocate 1048576 bytes for AllocateHeap
# Possible reasons:
#   The system is out of physical RAM or swap space
#   In 32 bit mode, the process size limit was hit
# Possible solutions:
#   Reduce memory load on the system
#   Increase physical memory or swap space
#   Check if swap backing store is full
#   Use 64 bit Java on a 64 bit OS
#   Decrease Java heap size (-Xmx/-Xms)
#   Decrease number of Java threads
#   Decrease Java thread stack sizes (-Xss)
#   Set larger code cache with -XX:ReservedCodeCacheSize=
# This output file may be truncated or incomplete.
#
#  Out of Memory Error (memory/allocation.inline.hpp:61), pid=7812, tid=9036
#
# JRE version:  (8.0_66-b18) (build )
# Java VM: Java HotSpot(TM) 64-Bit Server VM (25.66-b18 mixed mode windows-amd64 compressed oops)
# Failed to write core dump. Minidumps are not enabled by default on client versions of Windows
#

---------------  T H R E A D  ---------------

Current thread (0x0000000002252800):  JavaThread "Unknown thread" [_thread_in_vm, id=9036, stack(0x0000000002150000,0x0000000002250000)]

Stack: [0x0000000002150000,0x0000000002250000]
[error occurred during error reporting (printing stack bounds), id 0xc0000005]

Native frames: (J=compiled Java code, j=interpreted, Vv=VM code, C=native code)


---------------  P R O C E S S  ---------------

Java Threads: ( => current thread )

Other Threads:

=>0x0000000002252800 (exited) JavaThread "Unknown thread" [_thread_in_vm, id=9036, stack(0x0000000002150000,0x0000000002250000)]

VM state:not at safepoint (normal execution)

VM Mutex/Monitor currently owned by a thread: None

Heap:
 PSYoungGen      total 18944K, used 327K [0x00000000eab00000, 0x00000000ec000000, 0x0000000100000000)
  eden space 16384K, 2% used [0x00000000eab00000,0x00000000eab51ec8,0x00000000ebb00000)
  from space 2560K, 0% used [0x00000000ebd80000,0x00000000ebd80000,0x00000000ec000000)
  to   space 2560K, 0% used [0x00000000ebb00000,0x00000000ebb00000,0x00000000ebd80000)
 ParOldGen       total 44032K, used 0K [0x00000000c0000000, 0x00000000c2b00000, 0x00000000eab00000)
  object space 44032K, 0% used [0x00000000c0000000,0x00000000c0000000,0x00000000c2b00000)
 Metaspace       used 767K, capacity 4480K, committed 4480K, reserved 1056768K
  class space    used 75K, capacity 384K, committed 384K, reserved 1048576K

Card table byte_map: [0x0000000011710000,0x0000000011920000] byte_map_base: 0x0000000011110000

Marking Bits: (ParMarkBitMap*) 0x0000000060d1a5b0
 Begin Bits: [0x0000000011e80000, 0x0000000012e80000)
 End Bits:   [0x0000000012e80000, 0x0000000013e80000)

Polling page: 0x0000000002020000

CodeCache: size=245760Kb used=328Kb max_used=328Kb free=245431Kb
 bounds [0x0000000002350000, 0x00000000025c0000, 0x0000000011350000]
 total_blobs=57 nmethods=0 adapters=37
 compilation: enabled

Compilation events (0 events):
No events

GC Heap History (0 events):
No events

Deoptimization events (0 events):
No events

Internal exceptions (0 events):
No events

Events (10 events):
Event: 1.618 loading class java/lang/Short
Event: 1.618 loading class java/lang/Short done
Event: 1.618 loading class java/lang/Integer
Event: 1.621 loading class java/lang/Integer done
Event: 1.621 loading class java/lang/Long
Event: 1.621 loading class java/lang/Long done
Event: 1.622 loading class java/lang/NullPointerException
Event: 1.622 loading class java/lang/NullPointerException done
Event: 1.622 loading class java/lang/ArithmeticException
Event: 1.623 loading class java/lang/ArithmeticException done


Dynamic libraries:
0x00007ff653d00000 - 0x00007ff653d37000 	C:\Program Files\Java\jdk1.8.0_66\bin\java.exe
0x00007fff71320000 - 0x00007fff714e1000 	C:\WINDOWS\SYSTEM32\ntdll.dll
0x00007fff6e780000 - 0x00007fff6e82d000 	C:\WINDOWS\system32\KERNEL32.DLL
0x00007fff6e340000 - 0x00007fff6e528000 	C:\WINDOWS\system32\KERNELBASE.dll
0x00007fff710e0000 - 0x00007fff71187000 	C:\WINDOWS\system32\ADVAPI32.dll
0x00007fff6f1e0000 - 0x00007fff6f27d000 	C:\WINDOWS\system32\msvcrt.dll
0x00007fff6e720000 - 0x00007fff6e77b000 	C:\WINDOWS\system32\sechost.dll
0x00007fff70cf0000 - 0x00007fff70e0c000 	C:\WINDOWS\system32\RPCRT4.dll
0x00007fff6ea60000 - 0x00007fff6ebb6000 	C:\WINDOWS\system32\USER32.dll
0x00007fff71190000 - 0x00007fff71316000 	C:\WINDOWS\system32\GDI32.dll
0x00007fff5f2d0000 - 0x00007fff5f544000 	C:\WINDOWS\WinSxS\amd64_microsoft.windows.common-controls_6595b64144ccf1df_6.0.10586.0_none_8c15ae12515e1c22\COMCTL32.dll
0x00007fff6ef60000 - 0x00007fff6f1dd000 	C:\WINDOWS\system32\combase.dll
0x00007fff6e240000 - 0x00007fff6e2aa000 	C:\WINDOWS\system32\bcryptPrimitives.dll
0x00007fff710a0000 - 0x00007fff710db000 	C:\WINDOWS\system32\IMM32.DLL
0x0000000060090000 - 0x0000000060162000 	C:\Program Files\Java\jdk1.8.0_66\jre\bin\msvcr100.dll
0x0000000060510000 - 0x0000000060d99000 	C:\Program Files\Java\jdk1.8.0_66\jre\bin\server\jvm.dll
0x00007fff6e9e0000 - 0x00007fff6e9e8000 	C:\WINDOWS\system32\PSAPI.DLL
0x00007fff69a50000 - 0x00007fff69a59000 	C:\WINDOWS\SYSTEM32\WSOCK32.dll
0x00007fff6bb00000 - 0x00007fff6bb23000 	C:\WINDOWS\SYSTEM32\WINMM.dll
0x00007fff602c0000 - 0x00007fff602ca000 	C:\WINDOWS\SYSTEM32\VERSION.dll
0x00007fff6e9f0000 - 0x00007fff6ea5b000 	C:\WINDOWS\system32\WS2_32.dll
0x00007fff6bad0000 - 0x00007fff6bafc000 	C:\WINDOWS\SYSTEM32\WINMMBASE.dll
0x00007fff6e020000 - 0x00007fff6e063000 	C:\WINDOWS\system32\cfgmgr32.dll
0x0000000060500000 - 0x000000006050f000 	C:\Program Files\Java\jdk1.8.0_66\jre\bin\verify.dll
0x00000000604d0000 - 0x00000000604f9000 	C:\Program Files\Java\jdk1.8.0_66\jre\bin\java.dll
0x00000000604b0000 - 0x00000000604c6000 	C:\Program Files\Java\jdk1.8.0_66\jre\bin\zip.dll

VM Arguments:
jvm_args: -Djava.awt.headless=true -Xmx1024M -Dfile.encoding=windows-1252 -Duser.country=CU -Duser.language=es -Duser.variant 
java_command: com.android.dx.command.Main --dex --force-jumbo --num-threads=4 --output C:\Users\Ernesto\Projects\Android\MovieAppUpdate\app\build\intermediates\pre-dexed\debug\javax.annotation-10.0-b28_d091f64a1abdd17423c45a00453547ffb8f08c54.jar C:\Users\Ernesto\.gradle\caches\modules-2\files-2.1\org.glassfish\javax.annotation\10.0-b28\30eb3b3cc9cb0863a4edaea5a7575f8ace1b96ba\javax.annotation-10.0-b28.jar
java_class_path (initial): C:\Users\Ernesto\AppData\Local\Android\Sdk\build-tools\23.0.2\lib\dx.jar
Launcher Type: SUN_STANDARD

Environment Variables:
PATH=C:\ProgramData\Oracle\Java\javapath;C:\WINDOWS\system32;C:\WINDOWS;C:\WINDOWS\System32\Wbem;C:\WINDOWS\System32\WindowsPowerShell\v1.0\;C:\Program Files (x86)\Microsoft ASP.NET\ASP.NET Web Pages\v1.0\;C:\Program Files\Microsoft SQL Server\110\Tools\Binn\;C:\Program Files (x86)\Skype\Phone\;D:\Instaladores\Programs\Git\cmd;C:\Program Files\Java\jre1.8.0_66\bin;D:\Instaladores\Programs\AndroidStudioSDK\platform-tools;D:\sqlite;C:\Sites\todo\binC:\Sites\todo\bin;C:\Program Files (x86)\MySQL\MySQL Fabric 1.5 & MySQL Utilities 1.5\;C:\Program Files (x86)\MySQL\MySQL Fabric 1.5 & MySQL Utilities 1.5\Doctrine extensions for PHP\;C:\Users\Ernesto\AppData\Local\Programs\Python\Python35-32\Scripts\;C:\Users\Ernesto\AppData\Local\Programs\Python\Python35-32\
USERNAME=Ernesto
OS=Windows_NT
PROCESSOR_IDENTIFIER=Intel64 Family 6 Model 60 Stepping 3, GenuineIntel



---------------  S Y S T E M  ---------------

OS: Windows 10.0 , 64 bit Build 10586 (10.0.10586.0)

CPU:total 4 (2 cores per cpu, 2 threads per core) family 6 model 60 stepping 3, cmov, cx8, fxsr, mmx, sse, sse2, sse3, ssse3, sse4.1, sse4.2, popcnt, avx, avx2, clmul, erms, lzcnt, ht, tsc, tscinvbit, bmi1, bmi2

Memory: 4k page, physical 4120940k(262772k free), swap 6218092k(5912k free)

vm_info: Java HotSpot(TM) 64-Bit Server VM (25.66-b18) for windows-amd64 JRE (1.8.0_66-b18), built on Nov  9 2015 10:51:13 by "java_re" with MS VC++ 10.0 (VS2010)

time: Thu May 19 08:48:05 2016
elapsed time: 1 seconds (0d 0h 0m 1s)

