#
# There is insufficient memory for the Java Runtime Environment to continue.
# Native memory allocation (malloc) failed to allocate 1077136 bytes for Chunk::new
# Possible reasons:
#   The system is out of physical RAM or swap space
#   In 32 bit mode, the process size limit was hit
# Possible solutions:
#   Reduce memory load on the system
#   Increase physical memory or swap space
#   Check if swap backing store is full
#   Use 64 bit Java on a 64 bit OS
#   Decrease Java heap size (-Xmx/-Xms)
#   Decrease number of Java threads
#   Decrease Java thread stack sizes (-Xss)
#   Set larger code cache with -XX:ReservedCodeCacheSize=
# This output file may be truncated or incomplete.
#
#  Out of Memory Error (allocation.cpp:390), pid=6952, tid=4164
#
# JRE version: Java(TM) SE Runtime Environment (8.0_66-b18) (build 1.8.0_66-b18)
# Java VM: Java HotSpot(TM) 64-Bit Server VM (25.66-b18 mixed mode windows-amd64 compressed oops)
# Failed to write core dump. Minidumps are not enabled by default on client versions of Windows
#

---------------  T H R E A D  ---------------

Current thread (0x000000001490d000):  JavaThread "C2 CompilerThread0" daemon [_thread_in_native, id=4164, stack(0x0000000015f70000,0x0000000016070000)]

Stack: [0x0000000015f70000,0x0000000016070000]
[error occurred during error reporting (printing stack bounds), id 0xc0000005]

Native frames: (J=compiled Java code, j=interpreted, Vv=VM code, C=native code)


Current CompileTask:
C2:   2641 1177       4       com.android.dx.ssa.SCCP::simulateStmt (481 bytes)


---------------  P R O C E S S  ---------------

Java Threads: ( => current thread )
  0x0000000016535000 JavaThread "pool-1-thread-4" [_thread_blocked, id=3312, stack(0x0000000016c70000,0x0000000016d70000)]
  0x0000000016534800 JavaThread "pool-1-thread-3" [_thread_blocked, id=7164, stack(0x0000000016b70000,0x0000000016c70000)]
  0x0000000016533000 JavaThread "pool-1-thread-2" [_thread_blocked, id=7736, stack(0x0000000016a70000,0x0000000016b70000)]
  0x0000000016530800 JavaThread "pool-2-thread-1" [_thread_blocked, id=1644, stack(0x0000000016970000,0x0000000016a70000)]
  0x000000001652f800 JavaThread "pool-1-thread-1" [_thread_in_vm, id=9880, stack(0x0000000016870000,0x0000000016970000)]
  0x0000000016276800 JavaThread "Service Thread" daemon [_thread_blocked, id=9452, stack(0x0000000016670000,0x0000000016770000)]
  0x000000001496d000 JavaThread "C1 CompilerThread2" daemon [_thread_in_native_trans, id=5604, stack(0x0000000016170000,0x0000000016270000)]
  0x0000000014911000 JavaThread "C2 CompilerThread1" daemon [_thread_in_native, id=9248, stack(0x0000000016070000,0x0000000016170000)]
=>0x000000001490d000 JavaThread "C2 CompilerThread0" daemon [_thread_in_native, id=4164, stack(0x0000000015f70000,0x0000000016070000)]
  0x000000001490a800 JavaThread "Attach Listener" daemon [_thread_blocked, id=9220, stack(0x0000000015e70000,0x0000000015f70000)]
  0x0000000014909800 JavaThread "Signal Dispatcher" daemon [_thread_blocked, id=5580, stack(0x0000000015d70000,0x0000000015e70000)]
  0x0000000002181000 JavaThread "Finalizer" daemon [_thread_blocked, id=8740, stack(0x0000000015b70000,0x0000000015c70000)]
  0x000000000217e000 JavaThread "Reference Handler" daemon [_thread_blocked, id=2060, stack(0x0000000015a70000,0x0000000015b70000)]
  0x0000000002092800 JavaThread "main" [_thread_blocked, id=9968, stack(0x0000000000840000,0x0000000000940000)]

Other Threads:
  0x00000000148d7000 VMThread [stack: 0x0000000015970000,0x0000000015a70000] [id=1972]
  0x0000000016282000 WatcherThread [stack: 0x0000000016770000,0x0000000016870000] [id=4644]

VM state:not at safepoint (normal execution)

VM Mutex/Monitor currently owned by a thread:  ([mutex/lock_event])
[0x000000000223cd10] Heap_lock - owner thread: 0x0000000002092800

Heap:
 PSYoungGen      total 18944K, used 3213K [0x00000000eab00000, 0x00000000ec000000, 0x0000000100000000)
  eden space 16384K, 4% used [0x00000000eab00000,0x00000000eabaac28,0x00000000ebb00000)
  from space 2560K, 98% used [0x00000000ebd80000,0x00000000ebff88e0,0x00000000ec000000)
  to   space 2560K, 0% used [0x00000000ebb00000,0x00000000ebb00000,0x00000000ebd80000)
 ParOldGen       total 44032K, used 3750K [0x00000000c0000000, 0x00000000c2b00000, 0x00000000eab00000)
  object space 44032K, 8% used [0x00000000c0000000,0x00000000c03a98f0,0x00000000c2b00000)
 Metaspace       used 6029K, capacity 6960K, committed 7040K, reserved 1056768K
  class space    used 597K, capacity 616K, committed 640K, reserved 1048576K

Card table byte_map: [0x0000000011600000,0x0000000011810000] byte_map_base: 0x0000000011000000

Marking Bits: (ParMarkBitMap*) 0x0000000060d1a5b0
 Begin Bits: [0x0000000011d70000, 0x0000000012d70000)
 End Bits:   [0x0000000012d70000, 0x0000000013d70000)

Polling page: 0x00000000001f0000

CodeCache: size=245760Kb used=5108Kb max_used=5116Kb free=240651Kb
 bounds [0x0000000002240000, 0x0000000002750000, 0x0000000011240000]
 total_blobs=1532 nmethods=1263 adapters=182
 compilation: enabled

Compilation events (10 events):
Event: 2.624 Thread 0x000000001496d000 1263       3       java.util.HashMap$HashIterator::hasNext (13 bytes)
Event: 2.624 Thread 0x000000001496d000 nmethod 1263 0x000000000273d9d0 code [0x000000000273db20, 0x000000000273dcd0]
Event: 2.624 Thread 0x000000001496d000 1264       3       com.android.dx.ssa.back.SsaToRop::moveParametersToHighRegisters (88 bytes)
Event: 2.625 Thread 0x000000001496d000 nmethod 1264 0x000000000273cbd0 code [0x000000000273cda0, 0x000000000273d678]
Event: 2.626 Thread 0x000000001496d000 1265       3       com.android.dx.ssa.SsaMethod::buildUseList (112 bytes)
Event: 2.628 Thread 0x000000001496d000 nmethod 1265 0x000000000273dd50 code [0x000000000273dfe0, 0x000000000273f2d8]
Event: 2.632 Thread 0x0000000014911000 nmethod 1259 0x0000000002742fd0 code [0x0000000002743140, 0x0000000002743778]
Event: 2.632 Thread 0x0000000014911000 1261       4       com.android.dx.rop.code.RegisterSpec::make (7 bytes)
Event: 2.633 Thread 0x0000000014911000 nmethod 1261 0x0000000002734810 code [0x0000000002734960, 0x00000000027349c8]
Event: 2.633 Thread 0x0000000014911000 1262       4       com.android.dx.ssa.SCCP::addBlockToWorklist (47 bytes)

GC Heap History (4 events):
Event: 1.708 GC heap before
{Heap before GC invocations=1 (full 0):
 PSYoungGen      total 18944K, used 16384K [0x00000000eab00000, 0x00000000ec000000, 0x0000000100000000)
  eden space 16384K, 100% used [0x00000000eab00000,0x00000000ebb00000,0x00000000ebb00000)
  from space 2560K, 0% used [0x00000000ebd80000,0x00000000ebd80000,0x00000000ec000000)
  to   space 2560K, 0% used [0x00000000ebb00000,0x00000000ebb00000,0x00000000ebd80000)
 ParOldGen       total 44032K, used 0K [0x00000000c0000000, 0x00000000c2b00000, 0x00000000eab00000)
  object space 44032K, 0% used [0x00000000c0000000,0x00000000c0000000,0x00000000c2b00000)
 Metaspace       used 5724K, capacity 6704K, committed 6784K, reserved 1056768K
  class space    used 594K, capacity 616K, committed 640K, reserved 1048576K
Event: 1.715 GC heap after
Heap after GC invocations=1 (full 0):
 PSYoungGen      total 18944K, used 2538K [0x00000000eab00000, 0x00000000ec000000, 0x0000000100000000)
  eden space 16384K, 0% used [0x00000000eab00000,0x00000000eab00000,0x00000000ebb00000)
  from space 2560K, 99% used [0x00000000ebb00000,0x00000000ebd7aaa8,0x00000000ebd80000)
  to   space 2560K, 0% used [0x00000000ebd80000,0x00000000ebd80000,0x00000000ec000000)
 ParOldGen       total 44032K, used 1557K [0x00000000c0000000, 0x00000000c2b00000, 0x00000000eab00000)
  object space 44032K, 3% used [0x00000000c0000000,0x00000000c01854c8,0x00000000c2b00000)
 Metaspace       used 5724K, capacity 6704K, committed 6784K, reserved 1056768K
  class space    used 594K, capacity 616K, committed 640K, reserved 1048576K
}
Event: 2.222 GC heap before
{Heap before GC invocations=2 (full 0):
 PSYoungGen      total 18944K, used 18922K [0x00000000eab00000, 0x00000000ec000000, 0x0000000100000000)
  eden space 16384K, 100% used [0x00000000eab00000,0x00000000ebb00000,0x00000000ebb00000)
  from space 2560K, 99% used [0x00000000ebb00000,0x00000000ebd7aaa8,0x00000000ebd80000)
  to   space 2560K, 0% used [0x00000000ebd80000,0x00000000ebd80000,0x00000000ec000000)
 ParOldGen       total 44032K, used 1557K [0x00000000c0000000, 0x00000000c2b00000, 0x00000000eab00000)
  object space 44032K, 3% used [0x00000000c0000000,0x00000000c01854c8,0x00000000c2b00000)
 Metaspace       used 6028K, capacity 6960K, committed 7040K, reserved 1056768K
  class space    used 597K, capacity 616K, committed 640K, reserved 1048576K
Event: 2.619 GC heap after
Heap after GC invocations=2 (full 0):
 PSYoungGen      total 18944K, used 2530K [0x00000000eab00000, 0x00000000ec000000, 0x0000000100000000)
  eden space 16384K, 0% used [0x00000000eab00000,0x00000000eab00000,0x00000000ebb00000)
  from space 2560K, 98% used [0x00000000ebd80000,0x00000000ebff88e0,0x00000000ec000000)
  to   space 2560K, 0% used [0x00000000ebb00000,0x00000000ebb00000,0x00000000ebd80000)
 ParOldGen       total 44032K, used 3750K [0x00000000c0000000, 0x00000000c2b00000, 0x00000000eab00000)
  object space 44032K, 8% used [0x00000000c0000000,0x00000000c03a98f0,0x00000000c2b00000)
 Metaspace       used 6028K, capacity 6960K, committed 7040K, reserved 1056768K
  class space    used 597K, capacity 616K, committed 640K, reserved 1048576K
}

Deoptimization events (8 events):
Event: 1.238 Thread 0x000000001652f800 Uncommon trap: reason=unstable_if action=reinterpret pc=0x0000000002444a40 method=java.util.HashMap.getNode(ILjava/lang/Object;)Ljava/util/HashMap$Node; @ 129
Event: 1.238 Thread 0x000000001652f800 Uncommon trap: reason=unstable_if action=reinterpret pc=0x000000000244a830 method=java.util.BitSet.nextSetBit(I)I @ 87
Event: 1.289 Thread 0x0000000016533000 Uncommon trap: reason=class_check action=maybe_recompile pc=0x0000000002470b30 method=com.android.dx.ssa.NormalSsaInsn.accept(Lcom/android/dx/ssa/SsaInsn$Visitor;)V @ 9
Event: 1.289 Thread 0x0000000016533000 Uncommon trap: reason=class_check action=maybe_recompile pc=0x0000000002470b30 method=com.android.dx.ssa.NormalSsaInsn.accept(Lcom/android/dx/ssa/SsaInsn$Visitor;)V @ 9
Event: 1.289 Thread 0x0000000016533000 Uncommon trap: reason=class_check action=maybe_recompile pc=0x0000000002470b30 method=com.android.dx.ssa.NormalSsaInsn.accept(Lcom/android/dx/ssa/SsaInsn$Visitor;)V @ 9
Event: 1.289 Thread 0x0000000016533000 Uncommon trap: reason=class_check action=maybe_recompile pc=0x0000000002470b30 method=com.android.dx.ssa.NormalSsaInsn.accept(Lcom/android/dx/ssa/SsaInsn$Visitor;)V @ 9
Event: 1.722 Thread 0x0000000016534800 Uncommon trap: reason=class_check action=maybe_recompile pc=0x000000000252dfe4 method=com.android.dx.ssa.NormalSsaInsn.accept(Lcom/android/dx/ssa/SsaInsn$Visitor;)V @ 9
Event: 2.078 Thread 0x0000000016533000 Uncommon trap: reason=null_check action=make_not_entrant pc=0x000000000255b900 method=com.android.dx.ssa.SsaRenamer.getLocalForNewReg(I)Lcom/android/dx/rop/code/LocalItem; @ 19

Internal exceptions (3 events):
Event: 0.088 Thread 0x0000000002092800 Exception <a 'java/lang/NoSuchMethodError': Method sun.misc.Unsafe.defineClass(Ljava/lang/String;[BII)Ljava/lang/Class; name or signature does not match> (0x00000000eab0d6e8) thrown at [C:\re\workspace\8-2-build-windows-amd64-cygwin\jdk8u66\5298\hotspot\sr²®•!0š¶?
Event: 0.088 Thread 0x0000000002092800 Exception <a 'java/lang/NoSuchMethodError': Method sun.misc.Unsafe.prefetchRead(Ljava/lang/Object;J)V name or signature does not match> (0x00000000eab0d9d0) thrown at [C:\re\workspace\8-2-build-windows-amd64-cygwin\jdk8u66\5298\hotspot\src\share\vm\prims\j'Ý_¬ 
Event: 2.078 Thread 0x0000000016533000 Implicit null exception at 0x0000000002559d0a to 0x000000000255b8e1

Events (10 events):
Event: 1.866 loading class com/android/dx/cf/attrib/BaseAnnotations done
Event: 2.067 Executing VM operation: ForceSafepoint
Event: 2.067 Executing VM operation: ForceSafepoint done
Event: 2.078 Thread 0x0000000016533000 Uncommon trap: trap_request=0xfffffff4 fr.pc=0x000000000255b900
Event: 2.079 Thread 0x0000000016533000 DEOPT PACKING pc=0x000000000255b900 sp=0x0000000016b6eda0
Event: 2.079 Thread 0x0000000016533000 DEOPT UNPACKING pc=0x000000000228582a sp=0x0000000016b6ec48 mode 2
Event: 2.183 loading class com/android/dx/cf/attrib/AttAnnotationDefault
Event: 2.183 loading class com/android/dx/cf/attrib/AttAnnotationDefault done
Event: 2.221 Executing VM operation: ParallelGCFailedAllocation
Event: 2.619 Executing VM operation: ParallelGCFailedAllocation done


Dynamic libraries:
0x00007ff653d00000 - 0x00007ff653d37000 	C:\Program Files\Java\jdk1.8.0_66\bin\java.exe
0x00007fff71320000 - 0x00007fff714e1000 	C:\WINDOWS\SYSTEM32\ntdll.dll
0x00007fff6e780000 - 0x00007fff6e82d000 	C:\WINDOWS\system32\KERNEL32.DLL
0x00007fff6e340000 - 0x00007fff6e528000 	C:\WINDOWS\system32\KERNELBASE.dll
0x00007fff710e0000 - 0x00007fff71187000 	C:\WINDOWS\system32\ADVAPI32.dll
0x00007fff6f1e0000 - 0x00007fff6f27d000 	C:\WINDOWS\system32\msvcrt.dll
0x00007fff6e720000 - 0x00007fff6e77b000 	C:\WINDOWS\system32\sechost.dll
0x00007fff70cf0000 - 0x00007fff70e0c000 	C:\WINDOWS\system32\RPCRT4.dll
0x00007fff6ea60000 - 0x00007fff6ebb6000 	C:\WINDOWS\system32\USER32.dll
0x00007fff71190000 - 0x00007fff71316000 	C:\WINDOWS\system32\GDI32.dll
0x00007fff5f2d0000 - 0x00007fff5f544000 	C:\WINDOWS\WinSxS\amd64_microsoft.windows.common-controls_6595b64144ccf1df_6.0.10586.0_none_8c15ae12515e1c22\COMCTL32.dll
0x00007fff6ef60000 - 0x00007fff6f1dd000 	C:\WINDOWS\system32\combase.dll
0x00007fff6e240000 - 0x00007fff6e2aa000 	C:\WINDOWS\system32\bcryptPrimitives.dll
0x00007fff710a0000 - 0x00007fff710db000 	C:\WINDOWS\system32\IMM32.DLL
0x0000000060090000 - 0x0000000060162000 	C:\Program Files\Java\jdk1.8.0_66\jre\bin\msvcr100.dll
0x0000000060510000 - 0x0000000060d99000 	C:\Program Files\Java\jdk1.8.0_66\jre\bin\server\jvm.dll
0x00007fff6e9e0000 - 0x00007fff6e9e8000 	C:\WINDOWS\system32\PSAPI.DLL
0x00007fff69a50000 - 0x00007fff69a59000 	C:\WINDOWS\SYSTEM32\WSOCK32.dll
0x00007fff6e9f0000 - 0x00007fff6ea5b000 	C:\WINDOWS\system32\WS2_32.dll
0x00007fff6bb00000 - 0x00007fff6bb23000 	C:\WINDOWS\SYSTEM32\WINMM.dll
0x00007fff602c0000 - 0x00007fff602ca000 	C:\WINDOWS\SYSTEM32\VERSION.dll
0x00007fff6bad0000 - 0x00007fff6bafc000 	C:\WINDOWS\SYSTEM32\WINMMBASE.dll
0x00007fff6e020000 - 0x00007fff6e063000 	C:\WINDOWS\system32\cfgmgr32.dll
0x0000000060500000 - 0x000000006050f000 	C:\Program Files\Java\jdk1.8.0_66\jre\bin\verify.dll
0x00000000604d0000 - 0x00000000604f9000 	C:\Program Files\Java\jdk1.8.0_66\jre\bin\java.dll
0x00000000604b0000 - 0x00000000604c6000 	C:\Program Files\Java\jdk1.8.0_66\jre\bin\zip.dll
0x00007fff6f790000 - 0x00007fff70cec000 	C:\WINDOWS\system32\SHELL32.dll
0x00007fff6d9d0000 - 0x00007fff6e014000 	C:\WINDOWS\system32\windows.storage.dll
0x00007fff6ebd0000 - 0x00007fff6ec22000 	C:\WINDOWS\system32\shlwapi.dll
0x00007fff6d960000 - 0x00007fff6d96f000 	C:\WINDOWS\system32\kernel.appcore.dll
0x00007fff6e530000 - 0x00007fff6e5e5000 	C:\WINDOWS\system32\shcore.dll
0x00007fff6d970000 - 0x00007fff6d9bb000 	C:\WINDOWS\system32\powrprof.dll
0x00007fff6d940000 - 0x00007fff6d954000 	C:\WINDOWS\system32\profapi.dll

VM Arguments:
jvm_args: -Djava.awt.headless=true -Xmx1024M -Dfile.encoding=windows-1252 -Duser.country=CU -Duser.language=es -Duser.variant 
java_command: com.android.dx.command.Main --dex --force-jumbo --num-threads=4 --output C:\Users\Ernesto\Projects\Android\MovieAppUpdate\app\build\intermediates\pre-dexed\debug\gson-2.4_2aa563b0752883f60f223ce31f82540a0dc9738f.jar C:\Users\Ernesto\.gradle\caches\modules-2\files-2.1\com.google.code.gson\gson\2.4\695b63d702f505b9b916e02272e3b6381bade7f\gson-2.4.jar
java_class_path (initial): C:\Users\Ernesto\AppData\Local\Android\Sdk\build-tools\23.0.2\lib\dx.jar
Launcher Type: SUN_STANDARD

Environment Variables:
PATH=C:\ProgramData\Oracle\Java\javapath;C:\WINDOWS\system32;C:\WINDOWS;C:\WINDOWS\System32\Wbem;C:\WINDOWS\System32\WindowsPowerShell\v1.0\;C:\Program Files (x86)\Microsoft ASP.NET\ASP.NET Web Pages\v1.0\;C:\Program Files\Microsoft SQL Server\110\Tools\Binn\;C:\Program Files (x86)\Skype\Phone\;D:\Instaladores\Programs\Git\cmd;C:\Program Files\Java\jre1.8.0_66\bin;D:\Instaladores\Programs\AndroidStudioSDK\platform-tools;D:\sqlite;C:\Sites\todo\binC:\Sites\todo\bin;C:\Program Files (x86)\MySQL\MySQL Fabric 1.5 & MySQL Utilities 1.5\;C:\Program Files (x86)\MySQL\MySQL Fabric 1.5 & MySQL Utilities 1.5\Doctrine extensions for PHP\;C:\Users\Ernesto\AppData\Local\Programs\Python\Python35-32\Scripts\;C:\Users\Ernesto\AppData\Local\Programs\Python\Python35-32\
USERNAME=Ernesto
OS=Windows_NT
PROCESSOR_IDENTIFIER=Intel64 Family 6 Model 60 Stepping 3, GenuineIntel



---------------  S Y S T E M  ---------------

OS: Windows 10.0 , 64 bit Build 10586 (10.0.10586.0)

CPU:total 4 (2 cores per cpu, 2 threads per core) family 6 model 60 stepping 3, cmov, cx8, fxsr, mmx, sse, sse2, sse3, ssse3, sse4.1, sse4.2, popcnt, avx, avx2, clmul, erms, lzcnt, ht, tsc, tscinvbit, bmi1, bmi2

Memory: 4k page, physical 4120940k(235676k free), swap 6218092k(4124k free)

vm_info: Java HotSpot(TM) 64-Bit Server VM (25.66-b18) for windows-amd64 JRE (1.8.0_66-b18), built on Nov  9 2015 10:51:13 by "java_re" with MS VC++ 10.0 (VS2010)

time: Thu May 19 08:51:10 2016
elapsed time: 2 seconds (0d 0h 0m 2s)

